2018-03-20 21:41:29: -- Analysis Started by On File Change First Full Analyze Upon File Monitoring Start
2018-03-20 21:41:29: Name '数据库错误：Parameter index out of range (1 > number of parameters, which is 0).md' in path '' contains illegal characters, using name '数据库错误：Parameter index out of range (1 _ number of parameters, which is 0).md' instead
2018-03-20 21:41:29: R: State file does not exist: /Users/xiaomu/Documents/MyBlog/public/源文件/_gsdata_/_file_state_v4._gs
2018-03-20 21:41:29: Changes: 13, Conflicts: 0, CopyTime: 0, FixState: 156, Errors: 0, All: 172
2018-03-20 21:41:29: Left to Right: Copy File: 13 
2018-03-20 21:41:29: On File Change Monitoring started on file:///Users/xiaomu/Documents/MyBlog/source/_posts
2018-03-20 21:41:29: On File Change Monitoring started on file:///Users/xiaomu/Documents/MyBlog/public/源文件
2018-03-20 21:41:29: == Sync Started by On File Change First Full Analyze Upon File Monitoring Start
2018-03-20 21:41:29: Copy New '/Users/xiaomu/Documents/MyBlog/source/_posts/2017年总结.md' -> '/Users/xiaomu/Documents/MyBlog/public/源文件/2017年总结.md'
2018-03-20 21:41:29: Copy New '/Users/xiaomu/Documents/MyBlog/source/_posts/ajaxForm.md' -> '/Users/xiaomu/Documents/MyBlog/public/源文件/ajaxForm.md'
2018-03-20 21:41:29: Copy New '/Users/xiaomu/Documents/MyBlog/source/_posts/base64测试.md' -> '/Users/xiaomu/Documents/MyBlog/public/源文件/base64测试.md'
2018-03-20 21:41:29: Copy New '/Users/xiaomu/Documents/MyBlog/source/_posts/blog小工具.md' -> '/Users/xiaomu/Documents/MyBlog/public/源文件/blog小工具.md'
2018-03-20 21:41:29: Copy New '/Users/xiaomu/Documents/MyBlog/source/_posts/Collections使用.md' -> '/Users/xiaomu/Documents/MyBlog/public/源文件/Collections使用.md'
2018-03-20 21:41:29: Copy New '/Users/xiaomu/Documents/MyBlog/source/_posts/java多线程.md' -> '/Users/xiaomu/Documents/MyBlog/public/源文件/java多线程.md'
2018-03-20 21:41:29: Copy New '/Users/xiaomu/Documents/MyBlog/source/_posts/Java字符串拼接.md' -> '/Users/xiaomu/Documents/MyBlog/public/源文件/Java字符串拼接.md'
2018-03-20 21:41:29: Copy New '/Users/xiaomu/Documents/MyBlog/source/_posts/MarkDown文档插入图片.md' -> '/Users/xiaomu/Documents/MyBlog/public/源文件/MarkDown文档插入图片.md'
2018-03-20 21:41:29: Copy New '/Users/xiaomu/Documents/MyBlog/source/_posts/sourcing与purchasing的区别.md' -> '/Users/xiaomu/Documents/MyBlog/public/源文件/sourcing与purchasing的区别.md'
2018-03-20 21:41:29: Copy New '/Users/xiaomu/Documents/MyBlog/source/_posts/一个线程打印 1~52,另一个线程打印字母A-Z。打印顺序为12A34B56C……5152Z.md' -> '/Users/xiaomu/Documents/MyBlog/public/源文件/一个线程打印 1~52,另一个线程打印字母A-Z。打印顺序为12A34B56C……5152Z.md'
2018-03-20 21:41:29: Copy New '/Users/xiaomu/Documents/MyBlog/source/_posts/哲学家就餐问题.md' -> '/Users/xiaomu/Documents/MyBlog/public/源文件/哲学家就餐问题.md'
2018-03-20 21:41:29: Copy New '/Users/xiaomu/Documents/MyBlog/source/_posts/数据库错误：Parameter index out of range (1 > number of parameters, which is 0).md' -> '/Users/xiaomu/Documents/MyBlog/public/源文件/数据库错误：Parameter index out of range (1 _ number of parameters, which is 0).md'
2018-03-20 21:41:29: Copy New '/Users/xiaomu/Documents/MyBlog/source/_posts/舌尖上的中国3影评.md' -> '/Users/xiaomu/Documents/MyBlog/public/源文件/舌尖上的中国3影评.md'
2018-03-20 21:41:30: == Sync Complete. Time: 00:00:01, Speed: 0.0/s, OK: 169, Errors: 0
2018-03-20 21:41:30: 
