2018-03-19 19:10:34: Folder '/Users/xiaomu/Documents/MyBlog/public/源文件' not found, so we will try to create it
2018-03-19 19:10:34: Created folder '/Users/xiaomu/Documents/MyBlog/public/源文件' successfully
2018-03-19 19:10:34: -- Analysis Started by User Command
2018-03-19 19:10:34: Name '数据库错误：Parameter index out of range (1 > number of parameters, which is 0).md' in path '' contains illegal characters, using name '数据库错误：Parameter index out of range (1 _ number of parameters, which is 0).md' instead
2018-03-19 19:10:34: R: State file does not exist: /Users/xiaomu/Documents/MyBlog/public/源文件/_gsdata_/_file_state_v4._gs
2018-03-19 19:10:34: Changes: 12, Conflicts: 0, CopyTime: 0, FixState: 155, Errors: 0, All: 170
2018-03-19 19:10:34: Left to Right: Copy File: 12 
2018-03-19 19:10:34: -- Analysis Complete. Time 00:00:00, Speed: Many files/s
2018-03-19 19:10:34: 
2018-03-19 19:10:35: New _gsdata_ folder(s) created, so rescan all job folders for their ghosts
2018-03-19 19:10:35: == Sync Started by User Command
2018-03-19 19:10:35: Copy New '/Users/xiaomu/Documents/MyBlog/source/_posts/2017年总结.md' -> '/Users/xiaomu/Documents/MyBlog/public/源文件/2017年总结.md'
2018-03-19 19:10:35: Copy New '/Users/xiaomu/Documents/MyBlog/source/_posts/ajaxForm.md' -> '/Users/xiaomu/Documents/MyBlog/public/源文件/ajaxForm.md'
2018-03-19 19:10:35: Copy New '/Users/xiaomu/Documents/MyBlog/source/_posts/base64测试.md' -> '/Users/xiaomu/Documents/MyBlog/public/源文件/base64测试.md'
2018-03-19 19:10:35: Copy New '/Users/xiaomu/Documents/MyBlog/source/_posts/blog小工具.md' -> '/Users/xiaomu/Documents/MyBlog/public/源文件/blog小工具.md'
2018-03-19 19:10:35: Copy New '/Users/xiaomu/Documents/MyBlog/source/_posts/Collections使用.md' -> '/Users/xiaomu/Documents/MyBlog/public/源文件/Collections使用.md'
2018-03-19 19:10:35: Copy New '/Users/xiaomu/Documents/MyBlog/source/_posts/java多线程.md' -> '/Users/xiaomu/Documents/MyBlog/public/源文件/java多线程.md'
2018-03-19 19:10:35: Copy New '/Users/xiaomu/Documents/MyBlog/source/_posts/Java字符串拼接.md' -> '/Users/xiaomu/Documents/MyBlog/public/源文件/Java字符串拼接.md'
2018-03-19 19:10:35: Copy New '/Users/xiaomu/Documents/MyBlog/source/_posts/MarkDown文档插入图片.md' -> '/Users/xiaomu/Documents/MyBlog/public/源文件/MarkDown文档插入图片.md'
2018-03-19 19:10:35: Copy New '/Users/xiaomu/Documents/MyBlog/source/_posts/sourcing与purchasing的区别.md' -> '/Users/xiaomu/Documents/MyBlog/public/源文件/sourcing与purchasing的区别.md'
2018-03-19 19:10:35: Copy New '/Users/xiaomu/Documents/MyBlog/source/_posts/一个线程打印 1~52,另一个线程打印字母A-Z。打印顺序为12A34B56C……5152Z.md' -> '/Users/xiaomu/Documents/MyBlog/public/源文件/一个线程打印 1~52,另一个线程打印字母A-Z。打印顺序为12A34B56C……5152Z.md'
2018-03-19 19:10:35: Copy New '/Users/xiaomu/Documents/MyBlog/source/_posts/数据库错误：Parameter index out of range (1 > number of parameters, which is 0).md' -> '/Users/xiaomu/Documents/MyBlog/public/源文件/数据库错误：Parameter index out of range (1 _ number of parameters, which is 0).md'
2018-03-19 19:10:35: Copy New '/Users/xiaomu/Documents/MyBlog/source/_posts/舌尖上的中国3影评.md' -> '/Users/xiaomu/Documents/MyBlog/public/源文件/舌尖上的中国3影评.md'
2018-03-19 19:10:35: == Sync Complete. Time: 00:00:00, Speed: 0.0/s, OK: 167, Errors: 0
2018-03-19 19:10:35: 
